
--- PYTHON UNCAUGHT EXCEPTION ---
Traceback (most recent call last):
  File "T:\VM\VPN\squid\squid_control_center_v8.py", line 4683, in autosave_everything
    DB.set_setting("last_autosave", now_iso())
    ~~~~~~~~~~~~~~^^^^^^^^^^^^^^^^^^^^^^^^^^^^
  File "T:\VM\VPN\squid\squid_control_center_v8.py", line 2156, in set_setting
    cur = DB.conn.cursor()
          ^^^^^^^^^^^^^^
AttributeError: 'NoneType' object has no attribute 'cursor'
Windows fatal exception: access violation

Current thread 0x00004734 (most recent call first):
  <no Python frame>
base=T:\VM\VPN\squid
QtWebEngineProcess=[WindowsPath('T:/VM/VPN/squid/temp/_internal/PyQt5/Qt5/bin/QtWebEngineProcess.exe'), WindowsPath('T:/VM/VPN/squid/dist/venv/Lib/site-packages/PyQt5/Qt5/bin/QtWebEngineProcess.exe')]
base=T:\VM\VPN\squid
QtWebEngineProcess=[WindowsPath('T:/VM/VPN/squid/temp/_internal/PyQt5/Qt5/bin/QtWebEngineProcess.exe'), WindowsPath('T:/VM/VPN/squid/dist/venv/Lib/site-packages/PyQt5/Qt5/bin/QtWebEngineProcess.exe')]
base=T:\VM\VPN\squid
QtWebEngineProcess=[WindowsPath('T:/VM/VPN/squid/temp/_internal/PyQt5/Qt5/bin/QtWebEngineProcess.exe'), WindowsPath('T:/VM/VPN/squid/dist/venv/Lib/site-packages/PyQt5/Qt5/bin/QtWebEngineProcess.exe')]
base=T:\VM\VPN\squid
QtWebEngineProcess=[WindowsPath('T:/VM/VPN/squid/temp/_internal/PyQt5/Qt5/bin/QtWebEngineProcess.exe'), WindowsPath('T:/VM/VPN/squid/dist/venv/Lib/site-packages/PyQt5/Qt5/bin/QtWebEngineProcess.exe')]
